LHAPDF 6.3.0 loading /project/apps_data/lhapdf/pdfset-6.x/cteq61/cteq61_0000.dat
cteq61 PDF set, member #0, version 1; LHAPDF ID = 10150
LHAPDF 6.3.0 loading /project/apps_data/lhapdf/pdfset-6.x/NNFF10_PIp_nlo/NNFF10_PIp_nlo_0000.dat
NNFF10_PIp_nlo PDF set, member #0, version 1; LHAPDF ID = 2000800
LHAPDF 6.3.0 loading /project/apps_data/lhapdf/pdfset-6.x/NNFF10_PIm_nlo/NNFF10_PIm_nlo_0000.dat
NNFF10_PIm_nlo PDF set, member #0, version 1; LHAPDF ID = 2000600
LHAPDF 6.3.0 loading /project/apps_data/lhapdf/pdfset-6.x/NNFF10_PIsum_nlo/NNFF10_PIsum_nlo_0000.dat
NNFF10_PIsum_nlo PDF set, member #0, version 1; LHAPDF ID = 2001000
LHAPDF 6.3.0 loading /project/apps_data/lhapdf/pdfset-6.x/NNFF10_KAp_nlo/NNFF10_KAp_nlo_0000.dat
NNFF10_KAp_nlo PDF set, member #0, version 1; LHAPDF ID = 2002600
LHAPDF 6.3.0 loading /project/apps_data/lhapdf/pdfset-6.x/NNFF10_KAm_nlo/NNFF10_KAm_nlo_0000.dat
NNFF10_KAm_nlo PDF set, member #0, version 1; LHAPDF ID = 2002400
Thanks for using LHAPDF 6.3.0. Please make sure to cite the paper:
  Eur.Phys.J. C75 (2015) 3, 132  (http://arxiv.org/abs/1412.7420)
cteq61 PDF set, member #0, version 1; LHAPDF ID = 10150
LHAPDF 6.3.0 loading /project/apps_data/lhapdf/pdfset-6.x/cteq61/cteq61_0000.dat
cteq61 PDF set, member #0, version 1; LHAPDF ID = 10150
LHAPDF 6.3.0 loading /project/apps_data/lhapdf/pdfset-6.x/NNFF10_PIp_nlo/NNFF10_PIp_nlo_0000.dat
NNFF10_PIp_nlo PDF set, member #0, version 1; LHAPDF ID = 2000800
LHAPDF 6.3.0 loading /project/apps_data/lhapdf/pdfset-6.x/NNFF10_PIp_nlo/NNFF10_PIp_nlo_0000.dat
NNFF10_PIp_nlo PDF set, member #0, version 1; LHAPDF ID = 2000800
LHAPDF 6.3.0 loading /project/apps_data/lhapdf/pdfset-6.x/NNFF10_PIm_nlo/NNFF10_PIm_nlo_0000.dat
NNFF10_PIm_nlo PDF set, member #0, version 1; LHAPDF ID = 2000600
LHAPDF 6.3.0 loading /project/apps_data/lhapdf/pdfset-6.x/NNFF10_PIm_nlo/NNFF10_PIm_nlo_0000.dat
NNFF10_PIm_nlo PDF set, member #0, version 1; LHAPDF ID = 2000600
LHAPDF 6.3.0 loading /project/apps_data/lhapdf/pdfset-6.x/NNFF10_PIsum_nlo/NNFF10_PIsum_nlo_0000.dat
NNFF10_PIsum_nlo PDF set, member #0, version 1; LHAPDF ID = 2001000
LHAPDF 6.3.0 loading /project/apps_data/lhapdf/pdfset-6.x/NNFF10_PIsum_nlo/NNFF10_PIsum_nlo_0000.dat
NNFF10_PIsum_nlo PDF set, member #0, version 1; LHAPDF ID = 2001000
LHAPDF 6.3.0 loading /project/apps_data/lhapdf/pdfset-6.x/NNFF10_KAp_nlo/NNFF10_KAp_nlo_0000.dat
NNFF10_KAp_nlo PDF set, member #0, version 1; LHAPDF ID = 2002600
LHAPDF 6.3.0 loading /project/apps_data/lhapdf/pdfset-6.x/NNFF10_KAp_nlo/NNFF10_KAp_nlo_0000.dat
NNFF10_KAp_nlo PDF set, member #0, version 1; LHAPDF ID = 2002600
LHAPDF 6.3.0 loading /project/apps_data/lhapdf/pdfset-6.x/NNFF10_KAm_nlo/NNFF10_KAm_nlo_0000.dat
NNFF10_KAm_nlo PDF set, member #0, version 1; LHAPDF ID = 2002400
LHAPDF 6.3.0 loading /project/apps_data/lhapdf/pdfset-6.x/NNFF10_KAm_nlo/NNFF10_KAm_nlo_0000.dat
NNFF10_KAm_nlo PDF set, member #0, version 1; LHAPDF ID = 2002400
Thanks for using LHAPDF 6.3.0. Please make sure to cite the paper:
  Eur.Phys.J. C75 (2015) 3, 132  (http://arxiv.org/abs/1412.7420)
Thanks for using LHAPDF 6.3.0. Please make sure to cite the paper:
  Eur.Phys.J. C75 (2015) 3, 132  (http://arxiv.org/abs/1412.7420)
